0 info it worked if it ends with ok
1 verbose cli [ '/usr/local/bin/node', '/usr/local/bin/npm', 'start' ]
2 info using npm@3.9.5
3 info using node@v6.2.2
4 verbose run-script [ 'prestart', 'start', 'poststart' ]
5 info lifecycle battlecodes@0.0.1~prestart: battlecodes@0.0.1
6 silly lifecycle battlecodes@0.0.1~prestart: no script for prestart, continuing
7 info lifecycle battlecodes@0.0.1~start: battlecodes@0.0.1
8 verbose lifecycle battlecodes@0.0.1~start: unsafe-perm in lifecycle true
9 verbose lifecycle battlecodes@0.0.1~start: PATH: /usr/local/lib/node_modules/npm/bin/node-gyp-bin:/Users/Andrea/Dropbox (Personal)/Programming/repos/makers_main_course/battlecodes/node_modules/.bin:/usr/local/bin:/Users/Andrea/.rvm/gems/ruby-2.3.0/bin:/Users/Andrea/.rvm/gems/ruby-2.3.0@global/bin:/Users/Andrea/.rvm/rubies/ruby-2.3.0/bin:/usr/bin:/bin:/usr/sbin:/sbin:/usr/local/bin:/Users/Andrea/.rvm/gems/ruby-2.3.0/bin:/Users/Andrea/.rvm/gems/ruby-2.3.0@global/bin:/Users/Andrea/.rvm/rubies/ruby-2.3.0/bin:/Users/Andrea/.rvm/bin:/Users/Andrea/.rvm/bin
10 verbose lifecycle battlecodes@0.0.1~start: CWD: /Users/Andrea/Dropbox (Personal)/Programming/repos/makers_main_course/battlecodes
11 silly lifecycle battlecodes@0.0.1~start: Args: [ '-c', 'node app/server.js' ]
12 silly lifecycle battlecodes@0.0.1~start: Returned: code: 1  signal: null
13 info lifecycle battlecodes@0.0.1~start: Failed to exec start script
14 verbose stack Error: battlecodes@0.0.1 start: `node app/server.js`
14 verbose stack Exit status 1
14 verbose stack     at EventEmitter.<anonymous> (/usr/local/lib/node_modules/npm/lib/utils/lifecycle.js:245:16)
14 verbose stack     at emitTwo (events.js:106:13)
14 verbose stack     at EventEmitter.emit (events.js:191:7)
14 verbose stack     at ChildProcess.<anonymous> (/usr/local/lib/node_modules/npm/lib/utils/spawn.js:24:14)
14 verbose stack     at emitTwo (events.js:106:13)
14 verbose stack     at ChildProcess.emit (events.js:191:7)
14 verbose stack     at maybeClose (internal/child_process.js:852:16)
14 verbose stack     at Process.ChildProcess._handle.onexit (internal/child_process.js:215:5)
15 verbose pkgid battlecodes@0.0.1
16 verbose cwd /Users/Andrea/Dropbox (Personal)/Programming/repos/makers_main_course/battlecodes
17 error Darwin 15.5.0
18 error argv "/usr/local/bin/node" "/usr/local/bin/npm" "start"
19 error node v6.2.2
20 error npm  v3.9.5
21 error code ELIFECYCLE
22 error battlecodes@0.0.1 start: `node app/server.js`
22 error Exit status 1
23 error Failed at the battlecodes@0.0.1 start script 'node app/server.js'.
23 error Make sure you have the latest version of node.js and npm installed.
23 error If you do, this is most likely a problem with the battlecodes package,
23 error not with npm itself.
23 error Tell the author that this fails on your system:
23 error     node app/server.js
23 error You can get information on how to open an issue for this project with:
23 error     npm bugs battlecodes
23 error Or if that isn't available, you can get their info via:
23 error     npm owner ls battlecodes
23 error There is likely additional logging output above.
24 verbose exit [ 1, true ]
